# Logfile created on 2016-02-04 19:57:31 +1000 by logger.rb/44203
I, [2016-02-04T19:57:31.991321 #24914]  INFO -- : 0:  RedCloth (4.2.9) from /Users/elliot/.rvm/gems/ruby-2.1.0/specifications/RedCloth-4.2.9.gemspec
I, [2016-02-04T19:57:34.923136 #24914]  INFO -- : 0:  i18n (0.7.0) from /Users/elliot/.rvm/gems/ruby-2.1.0/specifications/i18n-0.7.0.gemspec
I, [2016-02-04T19:57:40.634864 #24914]  INFO -- : 0:  json (1.8.3) from /Users/elliot/.rvm/gems/ruby-2.1.0/specifications/json-1.8.3.gemspec
I, [2016-02-04T19:57:42.081726 #24914]  INFO -- : 0:  minitest (5.8.4) from /Users/elliot/.rvm/gems/ruby-2.1.0/specifications/minitest-5.8.4.gemspec
I, [2016-02-04T19:57:43.623543 #24914]  INFO -- : 0:  thread_safe (0.3.5) from /Users/elliot/.rvm/gems/ruby-2.1.0/specifications/thread_safe-0.3.5.gemspec
I, [2016-02-04T19:57:45.261005 #24914]  INFO -- : 0:  tzinfo (1.2.2) from /Users/elliot/.rvm/gems/ruby-2.1.0/specifications/tzinfo-1.2.2.gemspec
I, [2016-02-04T19:57:47.104819 #24914]  INFO -- : 0:  activesupport (4.2.5.1) from /Users/elliot/.rvm/gems/ruby-2.1.0/specifications/activesupport-4.2.5.1.gemspec
I, [2016-02-04T19:57:48.770774 #24914]  INFO -- : 0:  addressable (2.3.8) from /Users/elliot/.rvm/gems/ruby-2.1.0/specifications/addressable-2.3.8.gemspec
I, [2016-02-04T19:57:50.458375 #24914]  INFO -- : 0:  coffee-script-source (1.10.0) from /Users/elliot/.rvm/gems/ruby-2.1.0/specifications/coffee-script-source-1.10.0.gemspec
I, [2016-02-04T19:57:51.855235 #24914]  INFO -- : 0:  execjs (2.6.0) from /Users/elliot/.rvm/gems/ruby-2.1.0/specifications/execjs-2.6.0.gemspec
I, [2016-02-04T19:57:53.452912 #24914]  INFO -- : 0:  coffee-script (2.4.1) from /Users/elliot/.rvm/gems/ruby-2.1.0/specifications/coffee-script-2.4.1.gemspec
I, [2016-02-04T19:57:53.453240 #24914]  INFO -- : 0:  colorator (0.1) from /Users/elliot/.rvm/gems/ruby-2.1.0/specifications/colorator-0.1.gemspec
I, [2016-02-04T19:57:53.453511 #24914]  INFO -- : 0:  ffi (1.9.10) from /Users/elliot/.rvm/gems/ruby-2.1.0/specifications/ffi-1.9.10.gemspec
I, [2016-02-04T19:57:54.986166 #24914]  INFO -- : 0:  ethon (0.8.1) from /Users/elliot/.rvm/gems/ruby-2.1.0/specifications/ethon-0.8.1.gemspec
I, [2016-02-04T19:57:56.585855 #24914]  INFO -- : 0:  multipart-post (2.0.0) from /Users/elliot/.rvm/gems/ruby-2.1.0/specifications/multipart-post-2.0.0.gemspec
I, [2016-02-04T19:57:57.998923 #24914]  INFO -- : 0:  faraday (0.9.2) from /Users/elliot/.rvm/gems/ruby-2.1.0/specifications/faraday-0.9.2.gemspec
I, [2016-02-04T19:58:03.599182 #24914]  INFO -- : 0:  gemoji (2.1.0) from /Users/elliot/.rvm/gems/ruby-2.1.0/specifications/gemoji-2.1.0.gemspec
I, [2016-02-04T19:58:05.051411 #24914]  INFO -- : 0:  net-dns (0.8.0) from /Users/elliot/.rvm/gems/ruby-2.1.0/specifications/net-dns-0.8.0.gemspec
I, [2016-02-04T19:58:06.486009 #24914]  INFO -- : 0:  public_suffix (1.5.3) from /Users/elliot/.rvm/gems/ruby-2.1.0/specifications/public_suffix-1.5.3.gemspec
I, [2016-02-04T19:58:07.927032 #24914]  INFO -- : 0:  typhoeus (0.8.0) from /Users/elliot/.rvm/gems/ruby-2.1.0/specifications/typhoeus-0.8.0.gemspec
I, [2016-02-04T19:58:09.280999 #24914]  INFO -- : 0:  github-pages-health-check (0.6.0) from /Users/elliot/.rvm/gems/ruby-2.1.0/specifications/github-pages-health-check-0.6.0.gemspec
I, [2016-02-04T19:58:11.402191 #24914]  INFO -- : 0:  sass (3.4.21) from /Users/elliot/.rvm/gems/ruby-2.1.0/specifications/sass-3.4.21.gemspec
I, [2016-02-04T19:58:12.739216 #24914]  INFO -- : 0:  jekyll-sass-converter (1.3.0) from /Users/elliot/.rvm/gems/ruby-2.1.0/specifications/jekyll-sass-converter-1.3.0.gemspec
I, [2016-02-04T19:58:14.575573 #24914]  INFO -- : 0:  rb-fsevent (0.9.7) from /Users/elliot/.rvm/gems/ruby-2.1.0/specifications/rb-fsevent-0.9.7.gemspec
I, [2016-02-04T19:58:14.575913 #24914]  INFO -- : 0:  rb-inotify (0.9.5) from /Users/elliot/.rvm/gems/ruby-2.1.0/specifications/rb-inotify-0.9.5.gemspec
I, [2016-02-04T19:58:14.576150 #24914]  INFO -- : 0:  listen (3.0.5) from /Users/elliot/.rvm/gems/ruby-2.1.0/specifications/listen-3.0.5.gemspec
I, [2016-02-04T19:58:14.576393 #24914]  INFO -- : 0:  jekyll-watch (1.3.1) from /Users/elliot/.rvm/gems/ruby-2.1.0/specifications/jekyll-watch-1.3.1.gemspec
I, [2016-02-04T19:58:14.576852 #24914]  INFO -- : 0:  kramdown (1.9.0) from /Users/elliot/.rvm/gems/ruby-2.1.0/specifications/kramdown-1.9.0.gemspec
I, [2016-02-04T19:58:14.577138 #24914]  INFO -- : 0:  liquid (3.0.6) from /Users/elliot/.rvm/gems/ruby-2.1.0/specifications/liquid-3.0.6.gemspec
I, [2016-02-04T19:58:14.577350 #24914]  INFO -- : 0:  mercenary (0.3.5) from /Users/elliot/.rvm/gems/ruby-2.1.0/specifications/mercenary-0.3.5.gemspec
I, [2016-02-04T19:58:14.577552 #24914]  INFO -- : 0:  rouge (1.10.1) from /Users/elliot/.rvm/gems/ruby-2.1.0/specifications/rouge-1.10.1.gemspec
I, [2016-02-04T19:58:14.577888 #24914]  INFO -- : 0:  safe_yaml (1.0.4) from /Users/elliot/.rvm/gems/ruby-2.1.0/specifications/safe_yaml-1.0.4.gemspec
I, [2016-02-04T19:58:16.313744 #24914]  INFO -- : 0:  jekyll (3.0.2) from /Users/elliot/.rvm/gems/ruby-2.1.0/specifications/jekyll-3.0.2.gemspec
I, [2016-02-04T19:58:18.035008 #24914]  INFO -- : 0:  jekyll-coffeescript (1.0.1) from /Users/elliot/.rvm/gems/ruby-2.1.0/specifications/jekyll-coffeescript-1.0.1.gemspec
I, [2016-02-04T19:58:19.551011 #24914]  INFO -- : 0:  jekyll-feed (0.3.1) from /Users/elliot/.rvm/gems/ruby-2.1.0/specifications/jekyll-feed-0.3.1.gemspec
I, [2016-02-04T19:58:20.989331 #24914]  INFO -- : 0:  sawyer (0.6.0) from /Users/elliot/.rvm/gems/ruby-2.1.0/specifications/sawyer-0.6.0.gemspec
I, [2016-02-04T19:58:22.937575 #24914]  INFO -- : 0:  octokit (4.2.0) from /Users/elliot/.rvm/gems/ruby-2.1.0/specifications/octokit-4.2.0.gemspec
I, [2016-02-04T19:58:24.607613 #24914]  INFO -- : 0:  jekyll-gist (1.4.0) from /Users/elliot/.rvm/gems/ruby-2.1.0/specifications/jekyll-gist-1.4.0.gemspec
I, [2016-02-04T19:58:26.117483 #24914]  INFO -- : 0:  mini_portile2 (2.0.0) from /Users/elliot/.rvm/gems/ruby-2.1.0/specifications/mini_portile2-2.0.0.gemspec
I, [2016-02-04T19:59:38.934294 #24914]  INFO -- : 0:  nokogiri (1.6.7.2) from /Users/elliot/.rvm/gems/ruby-2.1.0/specifications/nokogiri-1.6.7.2.gemspec
I, [2016-02-04T19:59:40.900014 #24914]  INFO -- : 0:  html-pipeline (2.3.0) from /Users/elliot/.rvm/gems/ruby-2.1.0/specifications/html-pipeline-2.3.0.gemspec
I, [2016-02-04T19:59:42.312580 #24914]  INFO -- : 0:  jekyll-mentions (1.0.0) from /Users/elliot/.rvm/gems/ruby-2.1.0/specifications/jekyll-mentions-1.0.0.gemspec
I, [2016-02-04T19:59:43.970433 #24914]  INFO -- : 0:  jekyll-paginate (1.1.0) from /Users/elliot/.rvm/gems/ruby-2.1.0/specifications/jekyll-paginate-1.1.0.gemspec
I, [2016-02-04T19:59:45.337407 #24914]  INFO -- : 0:  jekyll-redirect-from (0.9.1) from /Users/elliot/.rvm/gems/ruby-2.1.0/specifications/jekyll-redirect-from-0.9.1.gemspec
I, [2016-02-04T19:59:47.026657 #24914]  INFO -- : 0:  jekyll-seo-tag (0.1.4) from /Users/elliot/.rvm/gems/ruby-2.1.0/specifications/jekyll-seo-tag-0.1.4.gemspec
I, [2016-02-04T19:59:48.537112 #24914]  INFO -- : 0:  jekyll-sitemap (0.10.0) from /Users/elliot/.rvm/gems/ruby-2.1.0/specifications/jekyll-sitemap-0.10.0.gemspec
I, [2016-02-04T19:59:50.070666 #24914]  INFO -- : 0:  jekyll-textile-converter (0.1.0) from /Users/elliot/.rvm/gems/ruby-2.1.0/specifications/jekyll-textile-converter-0.1.0.gemspec
I, [2016-02-04T19:59:51.455928 #24914]  INFO -- : 0:  jemoji (0.5.1) from /Users/elliot/.rvm/gems/ruby-2.1.0/specifications/jemoji-0.5.1.gemspec
I, [2016-02-04T19:59:55.457406 #24914]  INFO -- : 0:  rdiscount (2.1.8) from /Users/elliot/.rvm/gems/ruby-2.1.0/specifications/rdiscount-2.1.8.gemspec
I, [2016-02-04T19:59:58.564044 #24914]  INFO -- : 0:  redcarpet (3.3.3) from /Users/elliot/.rvm/gems/ruby-2.1.0/specifications/redcarpet-3.3.3.gemspec
I, [2016-02-04T20:00:00.149592 #24914]  INFO -- : 0:  terminal-table (1.5.2) from /Users/elliot/.rvm/gems/ruby-2.1.0/specifications/terminal-table-1.5.2.gemspec
I, [2016-02-04T20:00:01.539869 #24914]  INFO -- : 0:  github-pages (45) from /Users/elliot/.rvm/gems/ruby-2.1.0/specifications/github-pages-45.gemspec
I, [2016-02-04T20:00:01.540384 #24914]  INFO -- : 0:  bundler (1.5.1) from /Users/elliot/.rvm/gems/ruby-2.1.0@global/specifications/bundler-1.5.1.gemspec
